[2024-02-18 15:29:29,835] 21 root - INFO - data ingestion started
[2024-02-18 15:29:29,845] 25 root - INFO - I have read dataset as a df
[2024-02-18 15:29:29,860] 29 root - INFO -  i have saved the raw dataset in artifact folder
[2024-02-18 15:29:29,860] 31 root - INFO - here i have performed train test split
[2024-02-18 15:29:29,862] 34 root - INFO - train test split completed
[2024-02-18 15:29:29,874] 39 root - INFO - data ingestion part completed
[2024-02-18 15:29:29,919] 80 root - INFO - read train and test data complete
[2024-02-18 15:29:29,932] 81 root - INFO - Train Dataframe Head : 
   age     sex   bmi  children smoker     region  expenses
0   47  female  29.4         1     no  southeast   8547.69
1   44    male  31.4         1    yes  northeast  39556.49
2   59  female  34.8         2     no  southwest  36910.61
3   42    male  26.1         2     no  northeast   7729.65
4   37  female  34.8         2    yes  southwest  39836.52
[2024-02-18 15:29:29,936] 82 root - INFO - Test Dataframe Head : 
   age     sex   bmi  children smoker     region  expenses
0   62  female  25.0         0     no  southwest  13451.12
1   40    male  19.8         1    yes  southeast  17179.52
2   47  female  36.6         1    yes  southeast  42969.85
3   21    male  26.0         0     no  northeast   2102.26
4   29  female  35.5         0     no  southeast   3366.67
[2024-02-18 15:29:29,936] 28 root - INFO - Data Transformation initiated
[2024-02-18 15:29:29,936] 39 root - INFO - Pipeline Initiated
[2024-02-18 15:29:29,965] 99 root - INFO - Applying preprocessing object on training and testing datasets.
[2024-02-18 15:29:29,966] 109 root - INFO - preprocessing pickle file saved
[2024-02-18 15:29:29,966] 27 root - INFO - Splitting Dependent and Independent variables from train and test data
[2024-02-18 15:29:30,926] 45 root - INFO - Model Report : {'LinearRegression': 0.7634357733525212, 'DT': 0.8754681983137906, 'RandonForest': 0.8657160462113515, 'GradientB': 0.883354761338622}
[2024-02-18 15:29:30,928] 58 root - INFO - Best Model Found , Model Name : GradientB , R2 Score : 0.883354761338622
