[2024-02-18 15:33:40,446] 21 root - INFO - data ingestion started
[2024-02-18 15:33:40,464] 25 root - INFO - I have read dataset as a df
[2024-02-18 15:33:40,486] 29 root - INFO -  i have saved the raw dataset in artifact folder
[2024-02-18 15:33:40,486] 31 root - INFO - here i have performed train test split
[2024-02-18 15:33:40,489] 34 root - INFO - train test split completed
[2024-02-18 15:33:40,505] 39 root - INFO - data ingestion part completed
[2024-02-18 15:33:40,565] 80 root - INFO - read train and test data complete
[2024-02-18 15:33:40,578] 81 root - INFO - Train Dataframe Head : 
   age     sex   bmi  children smoker     region  expenses
0   63  female  36.9         0     no  southeast  13887.97
1   56  female  28.6         0     no  northeast  11658.12
2   18  female  31.1         0     no  southeast   1621.88
3   21    male  23.2         0     no  southeast   1515.34
4   53  female  37.4         1     no  northwest  10959.69
[2024-02-18 15:33:40,583] 82 root - INFO - Test Dataframe Head : 
   age     sex   bmi  children smoker     region  expenses
0   46  female  30.2         2     no  southwest   8825.09
1   36    male  34.4         2     no  southeast   5584.31
2   58  female  29.0         0     no  southwest  11842.44
3   34    male  42.9         1     no  southwest   4536.26
4   30    male  23.0         2    yes  northwest  17361.77
[2024-02-18 15:33:40,583] 28 root - INFO - Data Transformation initiated
[2024-02-18 15:33:40,583] 39 root - INFO - Pipeline Initiated
[2024-02-18 15:33:40,609] 99 root - INFO - Applying preprocessing object on training and testing datasets.
[2024-02-18 15:33:40,612] 109 root - INFO - preprocessing pickle file saved
[2024-02-18 15:33:40,613] 27 root - INFO - Splitting Dependent and Independent variables from train and test data
[2024-02-18 15:33:41,695] 45 root - INFO - Model Report : {'LinearRegression': 0.8075512742612211, 'DT': 0.9010918676895912, 'RandonForest': 0.878301005462917, 'GradientB': 0.9113464094471104}
[2024-02-18 15:33:41,699] 58 root - INFO - Best Model Found , Model Name : GradientB , R2 Score : 0.9113464094471104
