[2024-02-18 15:33:04,523] 21 root - INFO - data ingestion started
[2024-02-18 15:33:04,538] 25 root - INFO - I have read dataset as a df
[2024-02-18 15:33:04,590] 29 root - INFO -  i have saved the raw dataset in artifact folder
[2024-02-18 15:33:04,591] 31 root - INFO - here i have performed train test split
[2024-02-18 15:33:04,596] 34 root - INFO - train test split completed
[2024-02-18 15:33:04,614] 39 root - INFO - data ingestion part completed
[2024-02-18 15:33:04,741] 80 root - INFO - read train and test data complete
[2024-02-18 15:33:04,776] 81 root - INFO - Train Dataframe Head : 
   age     sex   bmi  children smoker     region  expenses
0   22  female  20.2         0     no  northwest   2527.82
1   20    male  27.9         0     no  northeast   1967.02
2   34    male  27.8         1    yes  northwest  20009.63
3   35    male  36.7         1    yes  northeast  39774.28
4   63  female  36.3         0     no  southeast  13887.20
[2024-02-18 15:33:04,799] 82 root - INFO - Test Dataframe Head : 
   age     sex   bmi  children smoker     region  expenses
0   31    male  27.6         2     no  northeast   5031.27
1   48    male  30.2         2     no  southwest   8968.33
2   60  female  32.5         0    yes  southeast  45008.96
3   30    male  37.4         3     no  northeast   5428.73
4   50    male  26.4         0     no  northwest   8827.21
[2024-02-18 15:33:04,801] 28 root - INFO - Data Transformation initiated
[2024-02-18 15:33:04,801] 39 root - INFO - Pipeline Initiated
[2024-02-18 15:33:04,878] 99 root - INFO - Applying preprocessing object on training and testing datasets.
[2024-02-18 15:33:04,892] 109 root - INFO - preprocessing pickle file saved
[2024-02-18 15:33:04,893] 27 root - INFO - Splitting Dependent and Independent variables from train and test data
[2024-02-18 15:33:06,929] 45 root - INFO - Model Report : {'LinearRegression': 0.7536500515755786, 'DT': 0.8504885759335363, 'RandonForest': 0.8266654838344614, 'GradientB': 0.8635713017388014}
[2024-02-18 15:33:06,934] 58 root - INFO - Best Model Found , Model Name : GradientB , R2 Score : 0.8635713017388014
