[2024-02-17 17:38:58,791] 21 root - INFO - data ingestion started
[2024-02-17 17:38:58,799] 25 root - INFO - I have read dataset as a df
[2024-02-17 17:38:58,809] 29 root - INFO -  i have saved the raw dataset in artifact folder
[2024-02-17 17:38:58,809] 31 root - INFO - here i have performed train test split
[2024-02-17 17:38:58,811] 34 root - INFO - train test split completed
[2024-02-17 17:38:58,823] 39 root - INFO - data ingestion part completed
[2024-02-17 17:38:58,857] 80 root - INFO - read train and test data complete
[2024-02-17 17:38:58,863] 81 root - INFO - Train Dataframe Head : 
   age     sex   bmi  children smoker     region  expenses
0   34    male  32.8         1     no  southwest  14358.36
1   32  female  29.6         1     no  southeast   4562.84
2   29  female  27.9         1    yes  southeast  19107.78
3   23    male  32.7         3     no  southwest   3591.48
4   21    male  25.7         4    yes  southwest  17942.11
[2024-02-17 17:38:58,870] 82 root - INFO - Test Dataframe Head : 
   age     sex   bmi  children smoker     region  expenses
0   64  female  31.8         2     no  northeast  16069.08
1   18  female  31.4         0     no  southeast   1622.19
2   57  female  34.3         2     no  northeast  13224.06
3   19    male  44.9         0    yes  southeast  39722.75
4   58    male  34.9         0     no  northeast  11944.59
[2024-02-17 17:38:58,871] 28 root - INFO - Data Transformation initiated
[2024-02-17 17:38:58,871] 39 root - INFO - Pipeline Initiated
[2024-02-17 17:38:58,905] 99 root - INFO - Applying preprocessing object on training and testing datasets.
[2024-02-17 17:38:58,908] 109 root - INFO - preprocessing pickle file saved
[2024-02-17 17:38:58,908] 27 root - INFO - Splitting Dependent and Independent variables from train and test data
[2024-02-17 17:38:59,846] 45 root - INFO - Model Report : {'LinearRegression': 0.7417962902499787, 'DT': 0.8509356215004865, 'RandonForest': 0.8393366516254628, 'GradientB': 0.8561191566051902}
[2024-02-17 17:38:59,847] 58 root - INFO - Best Model Found , Model Name : GradientB , R2 Score : 0.8561191566051902
