[2024-02-18 15:32:47,931] 21 root - INFO - data ingestion started
[2024-02-18 15:32:47,938] 25 root - INFO - I have read dataset as a df
[2024-02-18 15:32:47,949] 29 root - INFO -  i have saved the raw dataset in artifact folder
[2024-02-18 15:32:47,949] 31 root - INFO - here i have performed train test split
[2024-02-18 15:32:47,951] 34 root - INFO - train test split completed
[2024-02-18 15:32:47,959] 39 root - INFO - data ingestion part completed
[2024-02-18 15:32:47,987] 80 root - INFO - read train and test data complete
[2024-02-18 15:32:47,993] 81 root - INFO - Train Dataframe Head : 
   age     sex   bmi  children smoker     region  expenses
0   36    male  34.4         0    yes  southeast  37742.58
1   25    male  26.7         4     no  northwest   4877.98
2   64  female  33.8         1    yes  southwest  47928.03
3   29  female  24.6         2     no  southwest   4529.48
4   18    male  16.0         0     no  northeast   1694.80
[2024-02-18 15:32:47,996] 82 root - INFO - Test Dataframe Head : 
   age     sex   bmi  children smoker     region  expenses
0   53  female  35.9         2     no  southwest  11163.57
1   42    male  24.6         2    yes  northeast  21259.38
2   43    male  35.3         2     no  southeast  18806.15
3   19    male  33.1         0     no  southwest  23082.96
4   48    male  35.6         4     no  northeast  10736.87
[2024-02-18 15:32:47,997] 28 root - INFO - Data Transformation initiated
[2024-02-18 15:32:47,997] 39 root - INFO - Pipeline Initiated
[2024-02-18 15:32:48,022] 99 root - INFO - Applying preprocessing object on training and testing datasets.
[2024-02-18 15:32:48,023] 109 root - INFO - preprocessing pickle file saved
[2024-02-18 15:32:48,023] 27 root - INFO - Splitting Dependent and Independent variables from train and test data
[2024-02-18 15:32:50,057] 45 root - INFO - Model Report : {'LinearRegression': 0.7538418821630599, 'DT': 0.8537318365362899, 'RandonForest': 0.8485325158743279, 'GradientB': 0.8690504865695481}
[2024-02-18 15:32:50,083] 58 root - INFO - Best Model Found , Model Name : GradientB , R2 Score : 0.8690504865695481
