[2024-02-26 16:49:03,193] 21 root - INFO - data ingestion started
[2024-02-26 16:49:03,202] 25 root - INFO - I have read dataset as a df
[2024-02-26 16:49:03,212] 29 root - INFO -  i have saved the raw dataset in artifact folder
[2024-02-26 16:49:03,212] 31 root - INFO - here i have performed train test split
[2024-02-26 16:49:03,212] 34 root - INFO - train test split completed
[2024-02-26 16:49:03,224] 39 root - INFO - data ingestion part completed
[2024-02-26 16:49:03,252] 80 root - INFO - read train and test data complete
[2024-02-26 16:49:03,257] 81 root - INFO - Train Dataframe Head : 
   age     sex   bmi  children smoker     region  expenses
0   55    male  29.9         0     no  southwest  10214.64
1   31  female  38.1         1    yes  northeast  58571.07
2   21    male  31.3         0     no  northwest   1909.53
3   54  female  21.5         3     no  northwest  12475.35
4   26    male  23.7         2     no  southwest   3484.33
[2024-02-26 16:49:03,262] 82 root - INFO - Test Dataframe Head : 
   age     sex   bmi  children smoker     region  expenses
0   19  female  36.6         0     no  northwest   2136.88
1   56    male  39.6         0     no  southwest  10601.41
2   45    male  33.7         1     no  southwest   7445.92
3   46    male  27.6         0     no  southwest  24603.05
4   19    male  34.4         0     no  southwest   1261.86
[2024-02-26 16:49:03,262] 28 root - INFO - Data Transformation initiated
[2024-02-26 16:49:03,264] 39 root - INFO - Pipeline Initiated
[2024-02-26 16:49:03,284] 99 root - INFO - Applying preprocessing object on training and testing datasets.
[2024-02-26 16:49:03,290] 109 root - INFO - preprocessing pickle file saved
[2024-02-26 16:49:03,291] 27 root - INFO - Splitting Dependent and Independent variables from train and test data
[2024-02-26 16:49:04,054] 45 root - INFO - Model Report : {'LinearRegression': 0.7060294556409854, 'DT': 0.8290279700201479, 'RandonForest': 0.8186337738899668, 'GradientB': 0.8449976222556879}
[2024-02-26 16:49:04,056] 58 root - INFO - Best Model Found , Model Name : GradientB , R2 Score : 0.8449976222556879
