[2024-02-26 16:48:07,412] 21 root - INFO - data ingestion started
[2024-02-26 16:48:07,414] 25 root - INFO - I have read dataset as a df
[2024-02-26 16:48:07,432] 29 root - INFO -  i have saved the raw dataset in artifact folder
[2024-02-26 16:48:07,434] 31 root - INFO - here i have performed train test split
[2024-02-26 16:48:07,434] 34 root - INFO - train test split completed
[2024-02-26 16:48:07,442] 39 root - INFO - data ingestion part completed
[2024-02-26 16:48:07,479] 80 root - INFO - read train and test data complete
[2024-02-26 16:48:07,482] 81 root - INFO - Train Dataframe Head : 
   age     sex   bmi  children smoker     region  expenses
0   18    male  29.4         1     no  southeast   1719.44
1   58    male  35.7         0     no  southwest  11362.76
2   59  female  26.7         3     no  northwest  14382.71
3   59  female  27.5         0     no  southwest  12233.83
4   23  female  24.2         2     no  northeast  22395.74
[2024-02-26 16:48:07,498] 82 root - INFO - Test Dataframe Head : 
   age     sex   bmi  children smoker     region  expenses
0   43  female  34.4         3     no  southwest   8522.00
1   43  female  46.2         0    yes  southeast  45863.21
2   45  female  30.5         1    yes  northwest  39725.52
3   22  female  24.3         0     no  southwest   2150.47
4   47    male  36.2         0    yes  southeast  41676.08
[2024-02-26 16:48:07,498] 28 root - INFO - Data Transformation initiated
[2024-02-26 16:48:07,498] 39 root - INFO - Pipeline Initiated
[2024-02-26 16:48:07,535] 99 root - INFO - Applying preprocessing object on training and testing datasets.
[2024-02-26 16:48:07,535] 109 root - INFO - preprocessing pickle file saved
[2024-02-26 16:48:07,535] 27 root - INFO - Splitting Dependent and Independent variables from train and test data
[2024-02-26 16:48:08,671] 45 root - INFO - Model Report : {'LinearRegression': 0.7447744257956351, 'DT': 0.8373147035302444, 'RandonForest': 0.8046871645407482, 'GradientB': 0.8430107909509565}
[2024-02-26 16:48:08,672] 58 root - INFO - Best Model Found , Model Name : GradientB , R2 Score : 0.8430107909509565
