[2024-02-26 16:35:02,405] 21 root - INFO - data ingestion started
[2024-02-26 16:35:02,430] 25 root - INFO - I have read dataset as a df
[2024-02-26 16:35:02,443] 29 root - INFO -  i have saved the raw dataset in artifact folder
[2024-02-26 16:35:02,443] 31 root - INFO - here i have performed train test split
[2024-02-26 16:35:02,455] 34 root - INFO - train test split completed
[2024-02-26 16:35:02,465] 39 root - INFO - data ingestion part completed
[2024-02-26 16:35:02,507] 80 root - INFO - read train and test data complete
[2024-02-26 16:35:02,518] 81 root - INFO - Train Dataframe Head : 
   age     sex   bmi  children smoker     region  expenses
0   18  female  36.9         0     no  southeast   1629.83
1   37    male  28.0         2     no  northwest   6203.90
2   42    male  36.0         2     no  southeast   7160.33
3   40  female  22.2         2    yes  southeast  19444.27
4   56  female  27.2         0     no  southwest  11073.18
[2024-02-26 16:35:02,522] 82 root - INFO - Test Dataframe Head : 
   age     sex   bmi  children smoker     region  expenses
0   47  female  45.3         1     no  southeast   8569.86
1   46  female  30.2         2     no  southwest   8825.09
2   33  female  24.3         0     no  southeast   4185.10
3   34  female  19.0         3     no  northeast   6753.04
4   27  female  36.1         0    yes  southeast  37133.90
[2024-02-26 16:35:02,522] 28 root - INFO - Data Transformation initiated
[2024-02-26 16:35:02,522] 39 root - INFO - Pipeline Initiated
[2024-02-26 16:35:02,563] 99 root - INFO - Applying preprocessing object on training and testing datasets.
[2024-02-26 16:35:02,563] 109 root - INFO - preprocessing pickle file saved
[2024-02-26 16:35:02,563] 27 root - INFO - Splitting Dependent and Independent variables from train and test data
[2024-02-26 16:35:03,672] 45 root - INFO - Model Report : {'LinearRegression': 0.7184576929222475, 'DT': 0.8429036517954713, 'RandonForest': 0.8284941752792021, 'GradientB': 0.854749552521478}
[2024-02-26 16:35:03,674] 58 root - INFO - Best Model Found , Model Name : GradientB , R2 Score : 0.854749552521478
