[2024-02-26 16:46:46,299] 21 root - INFO - data ingestion started
[2024-02-26 16:46:46,305] 25 root - INFO - I have read dataset as a df
[2024-02-26 16:46:46,316] 29 root - INFO -  i have saved the raw dataset in artifact folder
[2024-02-26 16:46:46,316] 31 root - INFO - here i have performed train test split
[2024-02-26 16:46:46,316] 34 root - INFO - train test split completed
[2024-02-26 16:46:46,328] 39 root - INFO - data ingestion part completed
[2024-02-26 16:46:46,357] 80 root - INFO - read train and test data complete
[2024-02-26 16:46:46,362] 81 root - INFO - Train Dataframe Head : 
   age     sex   bmi  children smoker     region  expenses
0   53    male  21.4         1     no  southwest  10065.41
1   62  female  33.2         0     no  southwest  13462.52
2   42  female  36.2         1     no  northwest   7443.64
3   36  female  22.1         3     no  northeast   7228.22
4   20    male  35.3         1     no  southeast  27724.29
[2024-02-26 16:46:46,367] 82 root - INFO - Test Dataframe Head : 
   age     sex   bmi  children smoker     region  expenses
0   18    male  21.8         2     no  southeast  11884.05
1   62    male  27.6         1     no  northwest  13937.67
2   49    male  29.8         1     no  northeast   9288.03
3   48  female  31.1         0     no  southeast   8280.62
4   48    male  30.8         3     no  northeast  10141.14
[2024-02-26 16:46:46,367] 28 root - INFO - Data Transformation initiated
[2024-02-26 16:46:46,367] 39 root - INFO - Pipeline Initiated
[2024-02-26 16:46:46,392] 99 root - INFO - Applying preprocessing object on training and testing datasets.
[2024-02-26 16:46:46,392] 109 root - INFO - preprocessing pickle file saved
[2024-02-26 16:46:46,392] 27 root - INFO - Splitting Dependent and Independent variables from train and test data
[2024-02-26 16:46:47,208] 45 root - INFO - Model Report : {'LinearRegression': 0.7339946162077371, 'DT': 0.8062036324858743, 'RandonForest': 0.8256611106917613, 'GradientB': 0.8536361402355094}
[2024-02-26 16:46:47,208] 58 root - INFO - Best Model Found , Model Name : GradientB , R2 Score : 0.8536361402355094
