[2024-02-26 16:47:14,875] 21 root - INFO - data ingestion started
[2024-02-26 16:47:14,884] 25 root - INFO - I have read dataset as a df
[2024-02-26 16:47:14,902] 29 root - INFO -  i have saved the raw dataset in artifact folder
[2024-02-26 16:47:14,902] 31 root - INFO - here i have performed train test split
[2024-02-26 16:47:14,902] 34 root - INFO - train test split completed
[2024-02-26 16:47:14,916] 39 root - INFO - data ingestion part completed
[2024-02-26 16:47:14,949] 80 root - INFO - read train and test data complete
[2024-02-26 16:47:14,957] 81 root - INFO - Train Dataframe Head : 
   age     sex   bmi  children smoker     region  expenses
0   56  female  37.5         2     no  southeast  12265.51
1   54  female  46.7         2     no  southwest  11538.42
2   22    male  28.9         0     no  northeast   2250.84
3   48    male  35.6         4     no  northeast  10736.87
4   18    male  23.0         0     no  northeast   1704.57
[2024-02-26 16:47:14,966] 82 root - INFO - Test Dataframe Head : 
   age     sex   bmi  children smoker     region  expenses
0   59  female  27.5         0     no  southwest  12233.83
1   38  female  27.6         0     no  southwest   5383.54
2   39  female  22.8         3     no  northeast   7985.82
3   28    male  38.1         0     no  southeast   2689.50
4   18    male  30.0         1     no  southeast   1720.35
[2024-02-26 16:47:14,966] 28 root - INFO - Data Transformation initiated
[2024-02-26 16:47:14,966] 39 root - INFO - Pipeline Initiated
[2024-02-26 16:47:15,006] 99 root - INFO - Applying preprocessing object on training and testing datasets.
[2024-02-26 16:47:15,012] 109 root - INFO - preprocessing pickle file saved
[2024-02-26 16:47:15,012] 27 root - INFO - Splitting Dependent and Independent variables from train and test data
[2024-02-26 16:47:16,132] 45 root - INFO - Model Report : {'LinearRegression': 0.6769678758389133, 'DT': 0.7802547488301279, 'RandonForest': 0.762729995802266, 'GradientB': 0.7936179669377635}
[2024-02-26 16:47:16,132] 58 root - INFO - Best Model Found , Model Name : GradientB , R2 Score : 0.7936179669377635
