[2024-02-26 16:48:37,063] 21 root - INFO - data ingestion started
[2024-02-26 16:48:37,072] 25 root - INFO - I have read dataset as a df
[2024-02-26 16:48:37,085] 29 root - INFO -  i have saved the raw dataset in artifact folder
[2024-02-26 16:48:37,086] 31 root - INFO - here i have performed train test split
[2024-02-26 16:48:37,088] 34 root - INFO - train test split completed
[2024-02-26 16:48:37,096] 39 root - INFO - data ingestion part completed
[2024-02-26 16:48:37,144] 80 root - INFO - read train and test data complete
[2024-02-26 16:48:37,149] 81 root - INFO - Train Dataframe Head : 
   age     sex   bmi  children smoker     region  expenses
0   30  female  39.1         3    yes  southeast  40932.43
1   22  female  24.3         0     no  southwest   2150.47
2   60  female  32.5         0    yes  southeast  45008.96
3   43  female  34.6         1     no  northwest   7727.25
4   25    male  23.9         5     no  southwest   5080.10
[2024-02-26 16:48:37,162] 82 root - INFO - Test Dataframe Head : 
   age     sex   bmi  children smoker     region  expenses
0   42    male  24.9         0     no  southeast   5966.89
1   26  female  19.8         1     no  southwest   3378.91
2   55    male  29.0         0     no  northeast  10796.35
3   62    male  30.9         3    yes  northwest  46718.16
4   20    male  39.4         2    yes  southwest  38344.57
[2024-02-26 16:48:37,162] 28 root - INFO - Data Transformation initiated
[2024-02-26 16:48:37,162] 39 root - INFO - Pipeline Initiated
[2024-02-26 16:48:37,188] 99 root - INFO - Applying preprocessing object on training and testing datasets.
[2024-02-26 16:48:37,188] 109 root - INFO - preprocessing pickle file saved
[2024-02-26 16:48:37,191] 27 root - INFO - Splitting Dependent and Independent variables from train and test data
[2024-02-26 16:48:38,272] 45 root - INFO - Model Report : {'LinearRegression': 0.7603940595308781, 'DT': 0.8377393574853976, 'RandonForest': 0.8406380774497735, 'GradientB': 0.8514181323908061}
[2024-02-26 16:48:38,274] 58 root - INFO - Best Model Found , Model Name : GradientB , R2 Score : 0.8514181323908061
