[2024-02-29 17:33:21,321] 21 root - INFO - data ingestion started
[2024-02-29 17:33:21,359] 25 root - INFO - I have read dataset as a df
[2024-02-29 17:33:21,381] 29 root - INFO -  i have saved the raw dataset in artifact folder
[2024-02-29 17:33:21,382] 31 root - INFO - here i have performed train test split
[2024-02-29 17:33:21,385] 34 root - INFO - train test split completed
[2024-02-29 17:33:21,403] 39 root - INFO - data ingestion part completed
[2024-02-29 17:33:21,456] 80 root - INFO - read train and test data complete
[2024-02-29 17:33:21,467] 81 root - INFO - Train Dataframe Head : 
   age     sex   bmi  children smoker     region  expenses
0   37    male  36.2         0     no  southeast  19214.71
1   28  female  28.9         1     no  northeast   4337.74
2   58    male  30.3         0     no  northeast  11938.26
3   55    male  35.2         1     no  northeast  11394.07
4   58  female  29.0         0     no  southwest  11842.44
[2024-02-29 17:33:21,471] 82 root - INFO - Test Dataframe Head : 
   age     sex   bmi  children smoker     region  expenses
0   59    male  29.8         3    yes  northeast  30184.94
1   25  female  34.0         1     no  southeast   3227.12
2   45  female  27.8         2     no  southeast   8515.76
3   23    male  23.8         0     no  northeast   2395.17
4   49    male  29.8         1     no  northeast   9288.03
[2024-02-29 17:33:21,471] 28 root - INFO - Data Transformation initiated
[2024-02-29 17:33:21,471] 39 root - INFO - Pipeline Initiated
[2024-02-29 17:33:21,511] 99 root - INFO - Applying preprocessing object on training and testing datasets.
[2024-02-29 17:33:21,516] 109 root - INFO - preprocessing pickle file saved
[2024-02-29 17:33:21,516] 27 root - INFO - Splitting Dependent and Independent variables from train and test data
[2024-02-29 17:33:22,640] 45 root - INFO - Model Report : {'LinearRegression': 0.7108852085984156, 'DT': 0.8250542747099402, 'RandonForest': 0.81091478646761, 'GradientB': 0.8391956745525171}
[2024-02-29 17:33:22,641] 58 root - INFO - Best Model Found , Model Name : GradientB , R2 Score : 0.8391956745525171
