[2024-02-26 15:54:53,193] 21 root - INFO - data ingestion started
[2024-02-26 15:54:53,230] 25 root - INFO - I have read dataset as a df
[2024-02-26 15:54:53,246] 29 root - INFO -  i have saved the raw dataset in artifact folder
[2024-02-26 15:54:53,246] 31 root - INFO - here i have performed train test split
[2024-02-26 15:54:53,252] 34 root - INFO - train test split completed
[2024-02-26 15:54:53,269] 39 root - INFO - data ingestion part completed
[2024-02-26 15:54:53,299] 80 root - INFO - read train and test data complete
[2024-02-26 15:54:53,305] 81 root - INFO - Train Dataframe Head : 
   age     sex   bmi  children smoker     region  expenses
0   48  female  28.9         1     no  northwest   9249.50
1   62    male  32.0         0    yes  northeast  45710.21
2   34  female  23.6         0     no  northeast   4992.38
3   58  female  33.4         0     no  northwest  12231.61
4   61    male  36.1         3     no  southwest  27941.29
[2024-02-26 15:54:53,309] 82 root - INFO - Test Dataframe Head : 
   age     sex   bmi  children smoker     region  expenses
0   30  female  39.1         3    yes  southeast  40932.43
1   40    male  34.1         1     no  northeast   6600.21
2   38  female  19.5         2     no  northwest   6933.24
3   24  female  26.6         0     no  northeast   3046.06
4   43  female  34.4         3     no  southwest   8522.00
[2024-02-26 15:54:53,309] 28 root - INFO - Data Transformation initiated
[2024-02-26 15:54:53,309] 39 root - INFO - Pipeline Initiated
[2024-02-26 15:54:53,349] 99 root - INFO - Applying preprocessing object on training and testing datasets.
[2024-02-26 15:54:53,351] 109 root - INFO - preprocessing pickle file saved
[2024-02-26 15:54:53,353] 27 root - INFO - Splitting Dependent and Independent variables from train and test data
[2024-02-26 15:54:54,109] 45 root - INFO - Model Report : {'LinearRegression': 0.7786604448333281, 'DT': 0.8713309343986431, 'RandonForest': 0.8468776304251405, 'GradientB': 0.8764427908358159}
[2024-02-26 15:54:54,109] 58 root - INFO - Best Model Found , Model Name : GradientB , R2 Score : 0.8764427908358159
